/*C2*/SET SCHEMA PUBLIC
DELETE FROM DATABASECHANGELOGLOCK WHERE ID=1
INSERT INTO DATABASECHANGELOGLOCK VALUES(1,FALSE,NULL,NULL)
COMMIT
DELETE FROM FLW_EV_DATABASECHANGELOGLOCK WHERE ID=1
INSERT INTO FLW_EV_DATABASECHANGELOGLOCK VALUES(1,FALSE,NULL,NULL)
COMMIT
DELETE FROM ACT_DMN_DATABASECHANGELOGLOCK WHERE ID=1
INSERT INTO ACT_DMN_DATABASECHANGELOGLOCK VALUES(1,FALSE,NULL,NULL)
COMMIT
DISCONNECT
/*C3*/SET SCHEMA PUBLIC
DISCONNECT
/*C4*/SET SCHEMA PUBLIC
DISCONNECT
/*C5*/SET SCHEMA PUBLIC
DISCONNECT
/*C6*/SET SCHEMA PUBLIC
DISCONNECT
/*C7*/SET SCHEMA PUBLIC
DISCONNECT
/*C8*/SET SCHEMA PUBLIC
DISCONNECT
/*C9*/SET SCHEMA PUBLIC
DISCONNECT
/*C10*/SET SCHEMA PUBLIC
DISCONNECT
/*C11*/SET SCHEMA PUBLIC
DISCONNECT
